set -o pipefail; /usr/bin/mariadb-dump --user=newbiedb --host=127.0.0.1 --port=3306 --password=********** --single-transaction --quick --lock-tables=false newbiedb | /usr/bin/gzip >> ./newbie.localhost/private/backups/20241009_180005-newbie_localhost-database.sql.gz

Backup Summary for newbie.localhost at 2024-10-09 18:00:09.192380
Config  : ./newbie.localhost/private/backups/20241009_180005-newbie_localhost-site_config_backup.json 73.0B
Database: ./newbie.localhost/private/backups/20241009_180005-newbie_localhost-database.sql.gz         224.3KiB
Backup for Site newbie.localhost has been successfully completed
set -o pipefail; /usr/bin/mariadb-dump --user=propladb --host=127.0.0.1 --port=3306 --password=********** --single-transaction --quick --lock-tables=false propladb | /usr/bin/gzip >> ./propla.localhost/private/backups/20241009_180009-propla_localhost-database.sql.gz

Backup Summary for propla.localhost at 2024-10-09 18:00:18.448334
Config  : ./propla.localhost/private/backups/20241009_180009-propla_localhost-site_config_backup.json 73.0B
Database: ./propla.localhost/private/backups/20241009_180009-propla_localhost-database.sql.gz         778.4KiB
Backup for Site propla.localhost has been successfully completed
set -o pipefail; /usr/bin/mariadb-dump --user=newbiedb --host=127.0.0.1 --port=3306 --password=********** --single-transaction --quick --lock-tables=false newbiedb | /usr/bin/gzip >> ./newbie.localhost/private/backups/20241011_120007-newbie_localhost-database.sql.gz

Backup Summary for newbie.localhost at 2024-10-11 12:00:18.645321
Config  : ./newbie.localhost/private/backups/20241011_120007-newbie_localhost-site_config_backup.json 140.0B
Database: ./newbie.localhost/private/backups/20241011_120007-newbie_localhost-database.sql.gz         233.9KiB
Backup for Site newbie.localhost has been successfully completed
File ./propla.localhost/private/backups/20241009_180009-propla_localhost-site_config_backup.json is older than 24 hours
File ./propla.localhost/private/backups/20241009_180009-propla_localhost-database.sql.gz is older than 24 hours
set -o pipefail; /usr/bin/mariadb-dump --user=propladb --host=127.0.0.1 --port=3306 --password=********** --single-transaction --quick --lock-tables=false propladb | /usr/bin/gzip >> ./propla.localhost/private/backups/20241011_120018-propla_localhost-database.sql.gz

Backup Summary for propla.localhost at 2024-10-11 12:00:45.919356
Config  : ./propla.localhost/private/backups/20241011_120018-propla_localhost-site_config_backup.json 140.0B
Database: ./propla.localhost/private/backups/20241011_120018-propla_localhost-database.sql.gz         792.6KiB
Backup for Site propla.localhost has been successfully completed
