2024-10-11 07:17:31,906 ERROR scheduler Skipped queueing frappe.email.doctype.auto_email_report.auto_email_report.send_daily because it was found in queue for newbie.localhost
2024-10-11 07:17:32,132 ERROR scheduler Skipped queueing frappe.integrations.doctype.s3_backup_settings.s3_backup_settings.take_backups_daily because it was found in queue for newbie.localhost
2024-10-11 07:17:32,231 ERROR scheduler Skipped queueing frappe.integrations.doctype.dropbox_settings.dropbox_settings.take_backups_daily because it was found in queue for newbie.localhost
2024-10-11 07:17:32,521 ERROR scheduler Skipped queueing frappe.automation.doctype.auto_repeat.auto_repeat.make_auto_repeat_entry because it was found in queue for newbie.localhost
2024-10-11 07:17:32,804 ERROR scheduler Skipped queueing frappe.integrations.doctype.google_contacts.google_contacts.sync because it was found in queue for newbie.localhost
2024-10-11 07:17:32,996 ERROR scheduler Skipped queueing frappe.social.doctype.energy_point_settings.energy_point_settings.allocate_review_points because it was found in queue for newbie.localhost
2024-10-11 07:17:33,019 ERROR scheduler Skipped queueing frappe.desk.form.document_follow.send_daily_updates because it was found in queue for newbie.localhost
2024-10-11 07:17:33,198 ERROR scheduler Skipped queueing frappe.website.doctype.personal_data_deletion_request.personal_data_deletion_request.remove_unverified_record because it was found in queue for newbie.localhost
2024-10-11 07:17:33,468 ERROR scheduler Skipped queueing frappe.email.doctype.notification.notification.trigger_daily_alerts because it was found in queue for newbie.localhost
2024-10-11 07:17:33,553 ERROR scheduler Skipped queueing frappe.sessions.clear_expired_sessions because it was found in queue for newbie.localhost
2024-10-11 07:17:33,774 ERROR scheduler Skipped queueing frappe.desk.doctype.event.event.send_event_digest because it was found in queue for newbie.localhost
2024-10-11 07:17:33,828 ERROR scheduler Skipped queueing frappe.desk.notifications.clear_notifications because it was found in queue for newbie.localhost
2024-10-11 07:17:34,122 ERROR scheduler Skipped queueing frappe.website.doctype.personal_data_deletion_request.personal_data_deletion_request.process_data_deletion_request because it was found in queue for newbie.localhost
2024-10-11 07:17:34,373 ERROR scheduler Skipped queueing frappe.email.doctype.newsletter.newsletter.send_scheduled_email because it was found in queue for newbie.localhost
2024-10-11 07:17:34,757 ERROR scheduler Skipped queueing frappe.integrations.doctype.google_calendar.google_calendar.sync because it was found in queue for newbie.localhost
2024-10-11 07:17:34,783 ERROR scheduler Skipped queueing frappe.desk.form.document_follow.send_hourly_updates because it was found in queue for newbie.localhost
2024-10-11 07:17:34,983 ERROR scheduler Skipped queueing frappe.desk.page.backups.backups.delete_downloadable_backups because it was found in queue for newbie.localhost
2024-10-11 07:17:35,135 ERROR scheduler Skipped queueing frappe.model.utils.user_settings.sync_user_settings because it was found in queue for newbie.localhost
2024-10-11 07:17:35,326 ERROR scheduler Skipped queueing frappe.model.utils.link_count.update_link_count because it was found in queue for newbie.localhost
2024-10-11 07:17:35,347 ERROR scheduler Skipped queueing frappe.automation.doctype.reminder.reminder.send_reminders because it was found in queue for newbie.localhost
2024-10-11 07:17:35,454 ERROR scheduler Skipped queueing frappe.monitor.flush because it was found in queue for newbie.localhost
2024-10-11 07:17:35,561 ERROR scheduler Skipped queueing frappe.email.queue.flush because it was found in queue for newbie.localhost
2024-10-11 07:17:35,824 ERROR scheduler Skipped queueing frappe.core.doctype.log_settings.log_settings.run_log_clean_up because it was found in queue for newbie.localhost
2024-10-11 07:17:36,042 ERROR scheduler Skipped queueing frappe.core.doctype.prepared_report.prepared_report.expire_stalled_report because it was found in queue for newbie.localhost
2024-10-11 07:17:36,569 ERROR scheduler Skipped queueing frappe.email.doctype.email_account.email_account.pull because it was found in queue for newbie.localhost
2024-10-11 07:17:36,709 ERROR scheduler Skipped queueing frappe.deferred_insert.save_to_db because it was found in queue for newbie.localhost
2024-10-11 07:17:36,949 ERROR scheduler Skipped queueing frappe.utils.global_search.sync_global_search because it was found in queue for newbie.localhost
2024-10-11 07:17:37,103 ERROR scheduler Skipped queueing frappe.email.doctype.email_account.email_account.notify_unreplied because it was found in queue for newbie.localhost
2024-10-11 07:17:37,562 ERROR scheduler Skipped queueing frappe.twofactor.delete_all_barcodes_for_users because it was found in queue for newbie.localhost
2024-10-11 07:17:37,786 ERROR scheduler Skipped queueing frappe.website.doctype.web_page.web_page.check_publish_status because it was found in queue for newbie.localhost
2024-10-11 07:17:37,836 ERROR scheduler Skipped queueing frappe.oauth.delete_oauth2_data because it was found in queue for newbie.localhost
2024-10-11 07:18:41,801 ERROR scheduler Skipped queueing frappe.email.doctype.auto_email_report.auto_email_report.send_daily because it was found in queue for newbie.localhost
2024-10-11 07:18:41,822 ERROR scheduler Skipped queueing frappe.integrations.doctype.s3_backup_settings.s3_backup_settings.take_backups_daily because it was found in queue for newbie.localhost
2024-10-11 07:18:41,902 ERROR scheduler Skipped queueing frappe.integrations.doctype.dropbox_settings.dropbox_settings.take_backups_daily because it was found in queue for newbie.localhost
2024-10-11 07:19:44,500 ERROR scheduler Skipped queueing frappe.email.doctype.auto_email_report.auto_email_report.send_daily because it was found in queue for newbie.localhost
2024-10-11 07:19:44,511 ERROR scheduler Skipped queueing frappe.integrations.doctype.s3_backup_settings.s3_backup_settings.take_backups_daily because it was found in queue for newbie.localhost
2024-10-11 07:19:44,519 ERROR scheduler Skipped queueing frappe.integrations.doctype.dropbox_settings.dropbox_settings.take_backups_daily because it was found in queue for newbie.localhost
